[2022-04-22 21:05:50] local.NOTICE: USD:0dda2x2f-e320-4411-88ce-13bede075dab-219  
[2022-04-22 21:05:50] local.NOTICE: 219!21412-usd  
[2022-04-22 21:06:05] local.INFO: https://api.dk.games/v2:709:1fCdsFe/createGame?apikey=USD:0dda2x2f-e320-4411-88ce-13bede075dab-219&userid=219!21412-usd&game=es_es-baccarat-lobby&mode=real&nick=Name  
[2022-04-22 21:06:05] local.INFO: {"status":"ok","url":"https:\/\/evolution.game-program.com\/entry?params=QVVUSF9UT0tFTj1xYmpycWpibHp5dGR4NmxkcWJqcnJieW1xdjZ0emlkNGVhODVmM2E4CmNhdGVnb3J5PWJhY2NhcmF0CmdhbWVJbnRlcmZhY2U9dmlldzEKc2l0ZT0y&JSESSIONID=qbjrqjblzytdx6ldqbjrrbymqv6tzid4ea85f3a8&embedded"}  
[2022-04-22 21:07:21] local.NOTICE: USD:0dda2x2f-e320-4411-88ce-13bede075dab-219  
[2022-04-22 21:07:21] local.NOTICE: 219!21412-usd  
[2022-04-22 21:07:21] local.INFO: https://api.dk.games/v2:709:1fCdsFe/createGame?apikey=USD:0dda2x2f-e320-4411-88ce-13bede075dab-219&userid=219!21412-usd&game=es_es-baccarat-lobby&mode=real&nick=Name  
[2022-04-22 21:07:21] local.INFO: {"message":"Trying to access array offset on value of type null","statusCode":500}  
[2022-04-22 21:07:21] local.ERROR: Undefined array key "url" {"exception":"[object] (ErrorException(code: 0): Undefined array key \"url\" at /home/ploi/evolution.tollgate.io/vendor/laravel/framework/src/Illuminate/Http/Client/Response.php:349)
[stacktrace]
#0 /home/ploi/evolution.tollgate.io/vendor/laravel/framework/src/Illuminate/Http/Client/Response.php(349): Illuminate\\Foundation\\Bootstrap\\HandleExceptions->handleError()
#1 /home/ploi/evolution.tollgate.io/app/Http/Controllers/EvolutionController.php(61): Illuminate\\Http\\Client\\Response->offsetGet()
#2 /home/ploi/evolution.tollgate.io/app/Http/Controllers/EvolutionController.php(208): App\\Http\\Controllers\\EvolutionController::genApiExternal()
#3 /home/ploi/evolution.tollgate.io/vendor/laravel/framework/src/Illuminate/Routing/Controller.php(54): App\\Http\\Controllers\\EvolutionController->startSessionExternal()
#4 /home/ploi/evolution.tollgate.io/vendor/laravel/framework/src/Illuminate/Routing/ControllerDispatcher.php(45): Illuminate\\Routing\\Controller->callAction()
#5 /home/ploi/evolution.tollgate.io/vendor/laravel/framework/src/Illuminate/Routing/Route.php(262): Illuminate\\Routing\\ControllerDispatcher->dispatch()
#6 /home/ploi/evolution.tollgate.io/vendor/laravel/framework/src/Illuminate/Routing/Route.php(205): Illuminate\\Routing\\Route->runController()
#7 /home/ploi/evolution.tollgate.io/vendor/laravel/framework/src/Illuminate/Routing/Router.php(721): Illuminate\\Routing\\Route->run()
#8 /home/ploi/evolution.tollgate.io/vendor/laravel/framework/src/Illuminate/Pipeline/Pipeline.php(128): Illuminate\\Routing\\Router->Illuminate\\Routing\\{closure}()
#9 /home/ploi/evolution.tollgate.io/vendor/laravel/framework/src/Illuminate/Routing/Middleware/SubstituteBindings.php(50): Illuminate\\Pipeline\\Pipeline->Illuminate\\Pipeline\\{closure}()
#10 /home/ploi/evolution.tollgate.io/vendor/laravel/framework/src/Illuminate/Pipeline/Pipeline.php(167): Illuminate\\Routing\\Middleware\\SubstituteBindings->handle()
#11 /home/ploi/evolution.tollgate.io/vendor/laravel/framework/src/Illuminate/Session/Middleware/StartSession.php(121): Illuminate\\Pipeline\\Pipeline->Illuminate\\Pipeline\\{closure}()
#12 /home/ploi/evolution.tollgate.io/vendor/laravel/framework/src/Illuminate/Session/Middleware/StartSession.php(64): Illuminate\\Session\\Middleware\\StartSession->handleStatefulRequest()
#13 /home/ploi/evolution.tollgate.io/vendor/laravel/framework/src/Illuminate/Pipeline/Pipeline.php(167): Illuminate\\Session\\Middleware\\StartSession->handle()
#14 /home/ploi/evolution.tollgate.io/vendor/laravel/framework/src/Illuminate/Cookie/Middleware/AddQueuedCookiesToResponse.php(37): Illuminate\\Pipeline\\Pipeline->Illuminate\\Pipeline\\{closure}()
#15 /home/ploi/evolution.tollgate.io/vendor/laravel/framework/src/Illuminate/Pipeline/Pipeline.php(167): Illuminate\\Cookie\\Middleware\\AddQueuedCookiesToResponse->handle()
#16 /home/ploi/evolution.tollgate.io/vendor/laravel/framework/src/Illuminate/Pipeline/Pipeline.php(103): Illuminate\\Pipeline\\Pipeline->Illuminate\\Pipeline\\{closure}()
#17 /home/ploi/evolution.tollgate.io/vendor/laravel/framework/src/Illuminate/Routing/Router.php(723): Illuminate\\Pipeline\\Pipeline->then()
#18 /home/ploi/evolution.tollgate.io/vendor/laravel/framework/src/Illuminate/Routing/Router.php(698): Illuminate\\Routing\\Router->runRouteWithinStack()
#19 /home/ploi/evolution.tollgate.io/vendor/laravel/framework/src/Illuminate/Routing/Router.php(662): Illuminate\\Routing\\Router->runRoute()
#20 /home/ploi/evolution.tollgate.io/vendor/laravel/framework/src/Illuminate/Routing/Router.php(651): Illuminate\\Routing\\Router->dispatchToRoute()
#21 /home/ploi/evolution.tollgate.io/vendor/laravel/framework/src/Illuminate/Foundation/Http/Kernel.php(167): Illuminate\\Routing\\Router->dispatch()
#22 /home/ploi/evolution.tollgate.io/vendor/laravel/framework/src/Illuminate/Pipeline/Pipeline.php(128): Illuminate\\Foundation\\Http\\Kernel->Illuminate\\Foundation\\Http\\{closure}()
#23 /home/ploi/evolution.tollgate.io/vendor/laravel/framework/src/Illuminate/Foundation/Http/Middleware/TransformsRequest.php(21): Illuminate\\Pipeline\\Pipeline->Illuminate\\Pipeline\\{closure}()
#24 /home/ploi/evolution.tollgate.io/vendor/laravel/framework/src/Illuminate/Foundation/Http/Middleware/ConvertEmptyStringsToNull.php(31): Illuminate\\Foundation\\Http\\Middleware\\TransformsRequest->handle()
#25 /home/ploi/evolution.tollgate.io/vendor/laravel/framework/src/Illuminate/Pipeline/Pipeline.php(167): Illuminate\\Foundation\\Http\\Middleware\\ConvertEmptyStringsToNull->handle()
#26 /home/ploi/evolution.tollgate.io/vendor/laravel/framework/src/Illuminate/Foundation/Http/Middleware/TransformsRequest.php(21): Illuminate\\Pipeline\\Pipeline->Illuminate\\Pipeline\\{closure}()
#27 /home/ploi/evolution.tollgate.io/vendor/laravel/framework/src/Illuminate/Foundation/Http/Middleware/TrimStrings.php(40): Illuminate\\Foundation\\Http\\Middleware\\TransformsRequest->handle()
#28 /home/ploi/evolution.tollgate.io/vendor/laravel/framework/src/Illuminate/Pipeline/Pipeline.php(167): Illuminate\\Foundation\\Http\\Middleware\\TrimStrings->handle()
#29 /home/ploi/evolution.tollgate.io/vendor/laravel/framework/src/Illuminate/Foundation/Http/Middleware/ValidatePostSize.php(27): Illuminate\\Pipeline\\Pipeline->Illuminate\\Pipeline\\{closure}()
#30 /home/ploi/evolution.tollgate.io/vendor/laravel/framework/src/Illuminate/Pipeline/Pipeline.php(167): Illuminate\\Foundation\\Http\\Middleware\\ValidatePostSize->handle()
#31 /home/ploi/evolution.tollgate.io/vendor/laravel/framework/src/Illuminate/Foundation/Http/Middleware/PreventRequestsDuringMaintenance.php(86): Illuminate\\Pipeline\\Pipeline->Illuminate\\Pipeline\\{closure}()
#32 /home/ploi/evolution.tollgate.io/vendor/laravel/framework/src/Illuminate/Pipeline/Pipeline.php(167): Illuminate\\Foundation\\Http\\Middleware\\PreventRequestsDuringMaintenance->handle()
#33 /home/ploi/evolution.tollgate.io/vendor/fruitcake/laravel-cors/src/HandleCors.php(52): Illuminate\\Pipeline\\Pipeline->Illuminate\\Pipeline\\{closure}()
#34 /home/ploi/evolution.tollgate.io/vendor/laravel/framework/src/Illuminate/Pipeline/Pipeline.php(167): Fruitcake\\Cors\\HandleCors->handle()
#35 /home/ploi/evolution.tollgate.io/vendor/laravel/framework/src/Illuminate/Http/Middleware/TrustProxies.php(39): Illuminate\\Pipeline\\Pipeline->Illuminate\\Pipeline\\{closure}()
#36 /home/ploi/evolution.tollgate.io/vendor/laravel/framework/src/Illuminate/Pipeline/Pipeline.php(167): Illuminate\\Http\\Middleware\\TrustProxies->handle()
#37 /home/ploi/evolution.tollgate.io/vendor/laravel/framework/src/Illuminate/Pipeline/Pipeline.php(103): Illuminate\\Pipeline\\Pipeline->Illuminate\\Pipeline\\{closure}()
#38 /home/ploi/evolution.tollgate.io/vendor/laravel/framework/src/Illuminate/Foundation/Http/Kernel.php(142): Illuminate\\Pipeline\\Pipeline->then()
#39 /home/ploi/evolution.tollgate.io/vendor/laravel/framework/src/Illuminate/Foundation/Http/Kernel.php(111): Illuminate\\Foundation\\Http\\Kernel->sendRequestThroughRouter()
#40 /home/ploi/evolution.tollgate.io/public/index.php(52): Illuminate\\Foundation\\Http\\Kernel->handle()
#41 {main}
"} 
[2022-04-22 21:07:58] local.NOTICE: USD:0dda2x2f-e320-4411-88ce-13bede075dab-219  
[2022-04-22 21:07:58] local.NOTICE: 219!21412-usd  
[2022-04-22 21:07:59] local.INFO: https://api.dk.games/v2:709:1fCdsFe/createGame?apikey=USD:0dda2x2f-e320-4411-88ce-13bede075dab-219&userid=219!21412-usd&game=es_es-baccarat-lobby&mode=real&nick=Name  
[2022-04-22 21:07:59] local.INFO: {"message":"Trying to access array offset on value of type null","statusCode":500}  
[2022-04-22 21:07:59] local.ERROR: Undefined array key "url" {"exception":"[object] (ErrorException(code: 0): Undefined array key \"url\" at /home/ploi/evolution.tollgate.io/vendor/laravel/framework/src/Illuminate/Http/Client/Response.php:349)
[stacktrace]
#0 /home/ploi/evolution.tollgate.io/vendor/laravel/framework/src/Illuminate/Http/Client/Response.php(349): Illuminate\\Foundation\\Bootstrap\\HandleExceptions->handleError()
#1 /home/ploi/evolution.tollgate.io/app/Http/Controllers/EvolutionController.php(61): Illuminate\\Http\\Client\\Response->offsetGet()
#2 /home/ploi/evolution.tollgate.io/app/Http/Controllers/EvolutionController.php(208): App\\Http\\Controllers\\EvolutionController::genApiExternal()
#3 /home/ploi/evolution.tollgate.io/vendor/laravel/framework/src/Illuminate/Routing/Controller.php(54): App\\Http\\Controllers\\EvolutionController->startSessionExternal()
#4 /home/ploi/evolution.tollgate.io/vendor/laravel/framework/src/Illuminate/Routing/ControllerDispatcher.php(45): Illuminate\\Routing\\Controller->callAction()
#5 /home/ploi/evolution.tollgate.io/vendor/laravel/framework/src/Illuminate/Routing/Route.php(262): Illuminate\\Routing\\ControllerDispatcher->dispatch()
#6 /home/ploi/evolution.tollgate.io/vendor/laravel/framework/src/Illuminate/Routing/Route.php(205): Illuminate\\Routing\\Route->runController()
#7 /home/ploi/evolution.tollgate.io/vendor/laravel/framework/src/Illuminate/Routing/Router.php(721): Illuminate\\Routing\\Route->run()
#8 /home/ploi/evolution.tollgate.io/vendor/laravel/framework/src/Illuminate/Pipeline/Pipeline.php(128): Illuminate\\Routing\\Router->Illuminate\\Routing\\{closure}()
#9 /home/ploi/evolution.tollgate.io/vendor/laravel/framework/src/Illuminate/Routing/Middleware/SubstituteBindings.php(50): Illuminate\\Pipeline\\Pipeline->Illuminate\\Pipeline\\{closure}()
#10 /home/ploi/evolution.tollgate.io/vendor/laravel/framework/src/Illuminate/Pipeline/Pipeline.php(167): Illuminate\\Routing\\Middleware\\SubstituteBindings->handle()
#11 /home/ploi/evolution.tollgate.io/vendor/laravel/framework/src/Illuminate/Session/Middleware/StartSession.php(121): Illuminate\\Pipeline\\Pipeline->Illuminate\\Pipeline\\{closure}()
#12 /home/ploi/evolution.tollgate.io/vendor/laravel/framework/src/Illuminate/Session/Middleware/StartSession.php(64): Illuminate\\Session\\Middleware\\StartSession->handleStatefulRequest()
#13 /home/ploi/evolution.tollgate.io/vendor/laravel/framework/src/Illuminate/Pipeline/Pipeline.php(167): Illuminate\\Session\\Middleware\\StartSession->handle()
#14 /home/ploi/evolution.tollgate.io/vendor/laravel/framework/src/Illuminate/Cookie/Middleware/AddQueuedCookiesToResponse.php(37): Illuminate\\Pipeline\\Pipeline->Illuminate\\Pipeline\\{closure}()
#15 /home/ploi/evolution.tollgate.io/vendor/laravel/framework/src/Illuminate/Pipeline/Pipeline.php(167): Illuminate\\Cookie\\Middleware\\AddQueuedCookiesToResponse->handle()
#16 /home/ploi/evolution.tollgate.io/vendor/laravel/framework/src/Illuminate/Pipeline/Pipeline.php(103): Illuminate\\Pipeline\\Pipeline->Illuminate\\Pipeline\\{closure}()
#17 /home/ploi/evolution.tollgate.io/vendor/laravel/framework/src/Illuminate/Routing/Router.php(723): Illuminate\\Pipeline\\Pipeline->then()
#18 /home/ploi/evolution.tollgate.io/vendor/laravel/framework/src/Illuminate/Routing/Router.php(698): Illuminate\\Routing\\Router->runRouteWithinStack()
#19 /home/ploi/evolution.tollgate.io/vendor/laravel/framework/src/Illuminate/Routing/Router.php(662): Illuminate\\Routing\\Router->runRoute()
#20 /home/ploi/evolution.tollgate.io/vendor/laravel/framework/src/Illuminate/Routing/Router.php(651): Illuminate\\Routing\\Router->dispatchToRoute()
#21 /home/ploi/evolution.tollgate.io/vendor/laravel/framework/src/Illuminate/Foundation/Http/Kernel.php(167): Illuminate\\Routing\\Router->dispatch()
#22 /home/ploi/evolution.tollgate.io/vendor/laravel/framework/src/Illuminate/Pipeline/Pipeline.php(128): Illuminate\\Foundation\\Http\\Kernel->Illuminate\\Foundation\\Http\\{closure}()
#23 /home/ploi/evolution.tollgate.io/vendor/laravel/framework/src/Illuminate/Foundation/Http/Middleware/TransformsRequest.php(21): Illuminate\\Pipeline\\Pipeline->Illuminate\\Pipeline\\{closure}()
#24 /home/ploi/evolution.tollgate.io/vendor/laravel/framework/src/Illuminate/Foundation/Http/Middleware/ConvertEmptyStringsToNull.php(31): Illuminate\\Foundation\\Http\\Middleware\\TransformsRequest->handle()
#25 /home/ploi/evolution.tollgate.io/vendor/laravel/framework/src/Illuminate/Pipeline/Pipeline.php(167): Illuminate\\Foundation\\Http\\Middleware\\ConvertEmptyStringsToNull->handle()
#26 /home/ploi/evolution.tollgate.io/vendor/laravel/framework/src/Illuminate/Foundation/Http/Middleware/TransformsRequest.php(21): Illuminate\\Pipeline\\Pipeline->Illuminate\\Pipeline\\{closure}()
#27 /home/ploi/evolution.tollgate.io/vendor/laravel/framework/src/Illuminate/Foundation/Http/Middleware/TrimStrings.php(40): Illuminate\\Foundation\\Http\\Middleware\\TransformsRequest->handle()
#28 /home/ploi/evolution.tollgate.io/vendor/laravel/framework/src/Illuminate/Pipeline/Pipeline.php(167): Illuminate\\Foundation\\Http\\Middleware\\TrimStrings->handle()
#29 /home/ploi/evolution.tollgate.io/vendor/laravel/framework/src/Illuminate/Foundation/Http/Middleware/ValidatePostSize.php(27): Illuminate\\Pipeline\\Pipeline->Illuminate\\Pipeline\\{closure}()
#30 /home/ploi/evolution.tollgate.io/vendor/laravel/framework/src/Illuminate/Pipeline/Pipeline.php(167): Illuminate\\Foundation\\Http\\Middleware\\ValidatePostSize->handle()
#31 /home/ploi/evolution.tollgate.io/vendor/laravel/framework/src/Illuminate/Foundation/Http/Middleware/PreventRequestsDuringMaintenance.php(86): Illuminate\\Pipeline\\Pipeline->Illuminate\\Pipeline\\{closure}()
#32 /home/ploi/evolution.tollgate.io/vendor/laravel/framework/src/Illuminate/Pipeline/Pipeline.php(167): Illuminate\\Foundation\\Http\\Middleware\\PreventRequestsDuringMaintenance->handle()
#33 /home/ploi/evolution.tollgate.io/vendor/fruitcake/laravel-cors/src/HandleCors.php(52): Illuminate\\Pipeline\\Pipeline->Illuminate\\Pipeline\\{closure}()
#34 /home/ploi/evolution.tollgate.io/vendor/laravel/framework/src/Illuminate/Pipeline/Pipeline.php(167): Fruitcake\\Cors\\HandleCors->handle()
#35 /home/ploi/evolution.tollgate.io/vendor/laravel/framework/src/Illuminate/Http/Middleware/TrustProxies.php(39): Illuminate\\Pipeline\\Pipeline->Illuminate\\Pipeline\\{closure}()
#36 /home/ploi/evolution.tollgate.io/vendor/laravel/framework/src/Illuminate/Pipeline/Pipeline.php(167): Illuminate\\Http\\Middleware\\TrustProxies->handle()
#37 /home/ploi/evolution.tollgate.io/vendor/laravel/framework/src/Illuminate/Pipeline/Pipeline.php(103): Illuminate\\Pipeline\\Pipeline->Illuminate\\Pipeline\\{closure}()
#38 /home/ploi/evolution.tollgate.io/vendor/laravel/framework/src/Illuminate/Foundation/Http/Kernel.php(142): Illuminate\\Pipeline\\Pipeline->then()
#39 /home/ploi/evolution.tollgate.io/vendor/laravel/framework/src/Illuminate/Foundation/Http/Kernel.php(111): Illuminate\\Foundation\\Http\\Kernel->sendRequestThroughRouter()
#40 /home/ploi/evolution.tollgate.io/public/index.php(52): Illuminate\\Foundation\\Http\\Kernel->handle()
#41 {main}
"} 
[2022-04-22 21:08:06] local.NOTICE: USD:0dda2x2f-e320-4411-88ce-13bede075dab-219  
[2022-04-22 21:08:06] local.NOTICE: 219!21412-usd  
[2022-04-22 21:08:06] local.INFO: https://api.dk.games/v2:709:1fCdsFe/createGame?apikey=USD:0dda2x2f-e320-4411-88ce-13bede075dab-219&userid=219!21412-usd&game=es_es-baccarat-lobby&mode=real&nick=Name  
[2022-04-22 21:08:06] local.INFO: {"message":"Trying to access array offset on value of type null","statusCode":500}  
[2022-04-22 21:08:06] local.ERROR: Undefined array key "url" {"exception":"[object] (ErrorException(code: 0): Undefined array key \"url\" at /home/ploi/evolution.tollgate.io/vendor/laravel/framework/src/Illuminate/Http/Client/Response.php:349)
[stacktrace]
#0 /home/ploi/evolution.tollgate.io/vendor/laravel/framework/src/Illuminate/Http/Client/Response.php(349): Illuminate\\Foundation\\Bootstrap\\HandleExceptions->handleError()
#1 /home/ploi/evolution.tollgate.io/app/Http/Controllers/EvolutionController.php(61): Illuminate\\Http\\Client\\Response->offsetGet()
#2 /home/ploi/evolution.tollgate.io/app/Http/Controllers/EvolutionController.php(208): App\\Http\\Controllers\\EvolutionController::genApiExternal()
#3 /home/ploi/evolution.tollgate.io/vendor/laravel/framework/src/Illuminate/Routing/Controller.php(54): App\\Http\\Controllers\\EvolutionController->startSessionExternal()
#4 /home/ploi/evolution.tollgate.io/vendor/laravel/framework/src/Illuminate/Routing/ControllerDispatcher.php(45): Illuminate\\Routing\\Controller->callAction()
#5 /home/ploi/evolution.tollgate.io/vendor/laravel/framework/src/Illuminate/Routing/Route.php(262): Illuminate\\Routing\\ControllerDispatcher->dispatch()
#6 /home/ploi/evolution.tollgate.io/vendor/laravel/framework/src/Illuminate/Routing/Route.php(205): Illuminate\\Routing\\Route->runController()
#7 /home/ploi/evolution.tollgate.io/vendor/laravel/framework/src/Illuminate/Routing/Router.php(721): Illuminate\\Routing\\Route->run()
#8 /home/ploi/evolution.tollgate.io/vendor/laravel/framework/src/Illuminate/Pipeline/Pipeline.php(128): Illuminate\\Routing\\Router->Illuminate\\Routing\\{closure}()
#9 /home/ploi/evolution.tollgate.io/vendor/laravel/framework/src/Illuminate/Routing/Middleware/SubstituteBindings.php(50): Illuminate\\Pipeline\\Pipeline->Illuminate\\Pipeline\\{closure}()
#10 /home/ploi/evolution.tollgate.io/vendor/laravel/framework/src/Illuminate/Pipeline/Pipeline.php(167): Illuminate\\Routing\\Middleware\\SubstituteBindings->handle()
#11 /home/ploi/evolution.tollgate.io/vendor/laravel/framework/src/Illuminate/Session/Middleware/StartSession.php(121): Illuminate\\Pipeline\\Pipeline->Illuminate\\Pipeline\\{closure}()
#12 /home/ploi/evolution.tollgate.io/vendor/laravel/framework/src/Illuminate/Session/Middleware/StartSession.php(64): Illuminate\\Session\\Middleware\\StartSession->handleStatefulRequest()
#13 /home/ploi/evolution.tollgate.io/vendor/laravel/framework/src/Illuminate/Pipeline/Pipeline.php(167): Illuminate\\Session\\Middleware\\StartSession->handle()
#14 /home/ploi/evolution.tollgate.io/vendor/laravel/framework/src/Illuminate/Cookie/Middleware/AddQueuedCookiesToResponse.php(37): Illuminate\\Pipeline\\Pipeline->Illuminate\\Pipeline\\{closure}()
#15 /home/ploi/evolution.tollgate.io/vendor/laravel/framework/src/Illuminate/Pipeline/Pipeline.php(167): Illuminate\\Cookie\\Middleware\\AddQueuedCookiesToResponse->handle()
#16 /home/ploi/evolution.tollgate.io/vendor/laravel/framework/src/Illuminate/Pipeline/Pipeline.php(103): Illuminate\\Pipeline\\Pipeline->Illuminate\\Pipeline\\{closure}()
#17 /home/ploi/evolution.tollgate.io/vendor/laravel/framework/src/Illuminate/Routing/Router.php(723): Illuminate\\Pipeline\\Pipeline->then()
#18 /home/ploi/evolution.tollgate.io/vendor/laravel/framework/src/Illuminate/Routing/Router.php(698): Illuminate\\Routing\\Router->runRouteWithinStack()
#19 /home/ploi/evolution.tollgate.io/vendor/laravel/framework/src/Illuminate/Routing/Router.php(662): Illuminate\\Routing\\Router->runRoute()
#20 /home/ploi/evolution.tollgate.io/vendor/laravel/framework/src/Illuminate/Routing/Router.php(651): Illuminate\\Routing\\Router->dispatchToRoute()
#21 /home/ploi/evolution.tollgate.io/vendor/laravel/framework/src/Illuminate/Foundation/Http/Kernel.php(167): Illuminate\\Routing\\Router->dispatch()
#22 /home/ploi/evolution.tollgate.io/vendor/laravel/framework/src/Illuminate/Pipeline/Pipeline.php(128): Illuminate\\Foundation\\Http\\Kernel->Illuminate\\Foundation\\Http\\{closure}()
#23 /home/ploi/evolution.tollgate.io/vendor/laravel/framework/src/Illuminate/Foundation/Http/Middleware/TransformsRequest.php(21): Illuminate\\Pipeline\\Pipeline->Illuminate\\Pipeline\\{closure}()
#24 /home/ploi/evolution.tollgate.io/vendor/laravel/framework/src/Illuminate/Foundation/Http/Middleware/ConvertEmptyStringsToNull.php(31): Illuminate\\Foundation\\Http\\Middleware\\TransformsRequest->handle()
#25 /home/ploi/evolution.tollgate.io/vendor/laravel/framework/src/Illuminate/Pipeline/Pipeline.php(167): Illuminate\\Foundation\\Http\\Middleware\\ConvertEmptyStringsToNull->handle()
#26 /home/ploi/evolution.tollgate.io/vendor/laravel/framework/src/Illuminate/Foundation/Http/Middleware/TransformsRequest.php(21): Illuminate\\Pipeline\\Pipeline->Illuminate\\Pipeline\\{closure}()
#27 /home/ploi/evolution.tollgate.io/vendor/laravel/framework/src/Illuminate/Foundation/Http/Middleware/TrimStrings.php(40): Illuminate\\Foundation\\Http\\Middleware\\TransformsRequest->handle()
#28 /home/ploi/evolution.tollgate.io/vendor/laravel/framework/src/Illuminate/Pipeline/Pipeline.php(167): Illuminate\\Foundation\\Http\\Middleware\\TrimStrings->handle()
#29 /home/ploi/evolution.tollgate.io/vendor/laravel/framework/src/Illuminate/Foundation/Http/Middleware/ValidatePostSize.php(27): Illuminate\\Pipeline\\Pipeline->Illuminate\\Pipeline\\{closure}()
#30 /home/ploi/evolution.tollgate.io/vendor/laravel/framework/src/Illuminate/Pipeline/Pipeline.php(167): Illuminate\\Foundation\\Http\\Middleware\\ValidatePostSize->handle()
#31 /home/ploi/evolution.tollgate.io/vendor/laravel/framework/src/Illuminate/Foundation/Http/Middleware/PreventRequestsDuringMaintenance.php(86): Illuminate\\Pipeline\\Pipeline->Illuminate\\Pipeline\\{closure}()
#32 /home/ploi/evolution.tollgate.io/vendor/laravel/framework/src/Illuminate/Pipeline/Pipeline.php(167): Illuminate\\Foundation\\Http\\Middleware\\PreventRequestsDuringMaintenance->handle()
#33 /home/ploi/evolution.tollgate.io/vendor/fruitcake/laravel-cors/src/HandleCors.php(52): Illuminate\\Pipeline\\Pipeline->Illuminate\\Pipeline\\{closure}()
#34 /home/ploi/evolution.tollgate.io/vendor/laravel/framework/src/Illuminate/Pipeline/Pipeline.php(167): Fruitcake\\Cors\\HandleCors->handle()
#35 /home/ploi/evolution.tollgate.io/vendor/laravel/framework/src/Illuminate/Http/Middleware/TrustProxies.php(39): Illuminate\\Pipeline\\Pipeline->Illuminate\\Pipeline\\{closure}()
#36 /home/ploi/evolution.tollgate.io/vendor/laravel/framework/src/Illuminate/Pipeline/Pipeline.php(167): Illuminate\\Http\\Middleware\\TrustProxies->handle()
#37 /home/ploi/evolution.tollgate.io/vendor/laravel/framework/src/Illuminate/Pipeline/Pipeline.php(103): Illuminate\\Pipeline\\Pipeline->Illuminate\\Pipeline\\{closure}()
#38 /home/ploi/evolution.tollgate.io/vendor/laravel/framework/src/Illuminate/Foundation/Http/Kernel.php(142): Illuminate\\Pipeline\\Pipeline->then()
#39 /home/ploi/evolution.tollgate.io/vendor/laravel/framework/src/Illuminate/Foundation/Http/Kernel.php(111): Illuminate\\Foundation\\Http\\Kernel->sendRequestThroughRouter()
#40 /home/ploi/evolution.tollgate.io/public/index.php(52): Illuminate\\Foundation\\Http\\Kernel->handle()
#41 {main}
"} 
[2022-04-22 21:09:03] local.NOTICE: USD:0dda2x2f-e320-4411-88ce-13bede075dab-219  
[2022-04-22 21:09:03] local.NOTICE: 219!21412-usd  
[2022-04-22 21:09:03] local.INFO: https://api.dk.games/v2:709:1fCdsFe/createGame?apikey=USD:0dda2x2f-e320-4411-88ce-13bede075dab-219&userid=219!21412-usd&game=es_es-baccarat-lobby&mode=real&nick=Name  
[2022-04-22 21:09:03] local.INFO: {"message":"Trying to access array offset on value of type null","statusCode":500}  
[2022-04-22 21:09:03] local.ERROR: Undefined array key "url" {"exception":"[object] (ErrorException(code: 0): Undefined array key \"url\" at /home/ploi/evolution.tollgate.io/vendor/laravel/framework/src/Illuminate/Http/Client/Response.php:349)
[stacktrace]
#0 /home/ploi/evolution.tollgate.io/vendor/laravel/framework/src/Illuminate/Http/Client/Response.php(349): Illuminate\\Foundation\\Bootstrap\\HandleExceptions->handleError()
#1 /home/ploi/evolution.tollgate.io/app/Http/Controllers/EvolutionController.php(61): Illuminate\\Http\\Client\\Response->offsetGet()
#2 /home/ploi/evolution.tollgate.io/app/Http/Controllers/EvolutionController.php(208): App\\Http\\Controllers\\EvolutionController::genApiExternal()
#3 /home/ploi/evolution.tollgate.io/vendor/laravel/framework/src/Illuminate/Routing/Controller.php(54): App\\Http\\Controllers\\EvolutionController->startSessionExternal()
#4 /home/ploi/evolution.tollgate.io/vendor/laravel/framework/src/Illuminate/Routing/ControllerDispatcher.php(45): Illuminate\\Routing\\Controller->callAction()
#5 /home/ploi/evolution.tollgate.io/vendor/laravel/framework/src/Illuminate/Routing/Route.php(262): Illuminate\\Routing\\ControllerDispatcher->dispatch()
#6 /home/ploi/evolution.tollgate.io/vendor/laravel/framework/src/Illuminate/Routing/Route.php(205): Illuminate\\Routing\\Route->runController()
#7 /home/ploi/evolution.tollgate.io/vendor/laravel/framework/src/Illuminate/Routing/Router.php(721): Illuminate\\Routing\\Route->run()
#8 /home/ploi/evolution.tollgate.io/vendor/laravel/framework/src/Illuminate/Pipeline/Pipeline.php(128): Illuminate\\Routing\\Router->Illuminate\\Routing\\{closure}()
#9 /home/ploi/evolution.tollgate.io/vendor/laravel/framework/src/Illuminate/Routing/Middleware/SubstituteBindings.php(50): Illuminate\\Pipeline\\Pipeline->Illuminate\\Pipeline\\{closure}()
#10 /home/ploi/evolution.tollgate.io/vendor/laravel/framework/src/Illuminate/Pipeline/Pipeline.php(167): Illuminate\\Routing\\Middleware\\SubstituteBindings->handle()
#11 /home/ploi/evolution.tollgate.io/vendor/laravel/framework/src/Illuminate/Session/Middleware/StartSession.php(121): Illuminate\\Pipeline\\Pipeline->Illuminate\\Pipeline\\{closure}()
#12 /home/ploi/evolution.tollgate.io/vendor/laravel/framework/src/Illuminate/Session/Middleware/StartSession.php(64): Illuminate\\Session\\Middleware\\StartSession->handleStatefulRequest()
#13 /home/ploi/evolution.tollgate.io/vendor/laravel/framework/src/Illuminate/Pipeline/Pipeline.php(167): Illuminate\\Session\\Middleware\\StartSession->handle()
#14 /home/ploi/evolution.tollgate.io/vendor/laravel/framework/src/Illuminate/Cookie/Middleware/AddQueuedCookiesToResponse.php(37): Illuminate\\Pipeline\\Pipeline->Illuminate\\Pipeline\\{closure}()
#15 /home/ploi/evolution.tollgate.io/vendor/laravel/framework/src/Illuminate/Pipeline/Pipeline.php(167): Illuminate\\Cookie\\Middleware\\AddQueuedCookiesToResponse->handle()
#16 /home/ploi/evolution.tollgate.io/vendor/laravel/framework/src/Illuminate/Pipeline/Pipeline.php(103): Illuminate\\Pipeline\\Pipeline->Illuminate\\Pipeline\\{closure}()
#17 /home/ploi/evolution.tollgate.io/vendor/laravel/framework/src/Illuminate/Routing/Router.php(723): Illuminate\\Pipeline\\Pipeline->then()
#18 /home/ploi/evolution.tollgate.io/vendor/laravel/framework/src/Illuminate/Routing/Router.php(698): Illuminate\\Routing\\Router->runRouteWithinStack()
#19 /home/ploi/evolution.tollgate.io/vendor/laravel/framework/src/Illuminate/Routing/Router.php(662): Illuminate\\Routing\\Router->runRoute()
#20 /home/ploi/evolution.tollgate.io/vendor/laravel/framework/src/Illuminate/Routing/Router.php(651): Illuminate\\Routing\\Router->dispatchToRoute()
#21 /home/ploi/evolution.tollgate.io/vendor/laravel/framework/src/Illuminate/Foundation/Http/Kernel.php(167): Illuminate\\Routing\\Router->dispatch()
#22 /home/ploi/evolution.tollgate.io/vendor/laravel/framework/src/Illuminate/Pipeline/Pipeline.php(128): Illuminate\\Foundation\\Http\\Kernel->Illuminate\\Foundation\\Http\\{closure}()
#23 /home/ploi/evolution.tollgate.io/vendor/laravel/framework/src/Illuminate/Foundation/Http/Middleware/TransformsRequest.php(21): Illuminate\\Pipeline\\Pipeline->Illuminate\\Pipeline\\{closure}()
#24 /home/ploi/evolution.tollgate.io/vendor/laravel/framework/src/Illuminate/Foundation/Http/Middleware/ConvertEmptyStringsToNull.php(31): Illuminate\\Foundation\\Http\\Middleware\\TransformsRequest->handle()
#25 /home/ploi/evolution.tollgate.io/vendor/laravel/framework/src/Illuminate/Pipeline/Pipeline.php(167): Illuminate\\Foundation\\Http\\Middleware\\ConvertEmptyStringsToNull->handle()
#26 /home/ploi/evolution.tollgate.io/vendor/laravel/framework/src/Illuminate/Foundation/Http/Middleware/TransformsRequest.php(21): Illuminate\\Pipeline\\Pipeline->Illuminate\\Pipeline\\{closure}()
#27 /home/ploi/evolution.tollgate.io/vendor/laravel/framework/src/Illuminate/Foundation/Http/Middleware/TrimStrings.php(40): Illuminate\\Foundation\\Http\\Middleware\\TransformsRequest->handle()
#28 /home/ploi/evolution.tollgate.io/vendor/laravel/framework/src/Illuminate/Pipeline/Pipeline.php(167): Illuminate\\Foundation\\Http\\Middleware\\TrimStrings->handle()
#29 /home/ploi/evolution.tollgate.io/vendor/laravel/framework/src/Illuminate/Foundation/Http/Middleware/ValidatePostSize.php(27): Illuminate\\Pipeline\\Pipeline->Illuminate\\Pipeline\\{closure}()
#30 /home/ploi/evolution.tollgate.io/vendor/laravel/framework/src/Illuminate/Pipeline/Pipeline.php(167): Illuminate\\Foundation\\Http\\Middleware\\ValidatePostSize->handle()
#31 /home/ploi/evolution.tollgate.io/vendor/laravel/framework/src/Illuminate/Foundation/Http/Middleware/PreventRequestsDuringMaintenance.php(86): Illuminate\\Pipeline\\Pipeline->Illuminate\\Pipeline\\{closure}()
#32 /home/ploi/evolution.tollgate.io/vendor/laravel/framework/src/Illuminate/Pipeline/Pipeline.php(167): Illuminate\\Foundation\\Http\\Middleware\\PreventRequestsDuringMaintenance->handle()
#33 /home/ploi/evolution.tollgate.io/vendor/fruitcake/laravel-cors/src/HandleCors.php(52): Illuminate\\Pipeline\\Pipeline->Illuminate\\Pipeline\\{closure}()
#34 /home/ploi/evolution.tollgate.io/vendor/laravel/framework/src/Illuminate/Pipeline/Pipeline.php(167): Fruitcake\\Cors\\HandleCors->handle()
#35 /home/ploi/evolution.tollgate.io/vendor/laravel/framework/src/Illuminate/Http/Middleware/TrustProxies.php(39): Illuminate\\Pipeline\\Pipeline->Illuminate\\Pipeline\\{closure}()
#36 /home/ploi/evolution.tollgate.io/vendor/laravel/framework/src/Illuminate/Pipeline/Pipeline.php(167): Illuminate\\Http\\Middleware\\TrustProxies->handle()
#37 /home/ploi/evolution.tollgate.io/vendor/laravel/framework/src/Illuminate/Pipeline/Pipeline.php(103): Illuminate\\Pipeline\\Pipeline->Illuminate\\Pipeline\\{closure}()
#38 /home/ploi/evolution.tollgate.io/vendor/laravel/framework/src/Illuminate/Foundation/Http/Kernel.php(142): Illuminate\\Pipeline\\Pipeline->then()
#39 /home/ploi/evolution.tollgate.io/vendor/laravel/framework/src/Illuminate/Foundation/Http/Kernel.php(111): Illuminate\\Foundation\\Http\\Kernel->sendRequestThroughRouter()
#40 /home/ploi/evolution.tollgate.io/public/index.php(52): Illuminate\\Foundation\\Http\\Kernel->handle()
#41 {main}
"} 
[2022-04-22 21:09:11] local.NOTICE: USD:0dda2x2f-e320-4411-88ce-13bede075dab-219  
[2022-04-22 21:09:11] local.NOTICE: 219!21412-usd  
[2022-04-22 21:09:11] local.INFO: https://api.dk.games/v2:709:1fCdsFe/createGame?apikey=USD:0dda2x2f-e320-4411-88ce-13bede075dab-219&userid=219!21412-usd&game=es_es-baccarat-lobby&mode=real&nick=Name  
[2022-04-22 21:09:11] local.INFO: {"message":"Trying to access array offset on value of type null","statusCode":500}  
[2022-04-22 21:09:11] local.ERROR: Undefined array key "url" {"exception":"[object] (ErrorException(code: 0): Undefined array key \"url\" at /home/ploi/evolution.tollgate.io/vendor/laravel/framework/src/Illuminate/Http/Client/Response.php:349)
[stacktrace]
#0 /home/ploi/evolution.tollgate.io/vendor/laravel/framework/src/Illuminate/Http/Client/Response.php(349): Illuminate\\Foundation\\Bootstrap\\HandleExceptions->handleError()
#1 /home/ploi/evolution.tollgate.io/app/Http/Controllers/EvolutionController.php(61): Illuminate\\Http\\Client\\Response->offsetGet()
#2 /home/ploi/evolution.tollgate.io/app/Http/Controllers/EvolutionController.php(208): App\\Http\\Controllers\\EvolutionController::genApiExternal()
#3 /home/ploi/evolution.tollgate.io/vendor/laravel/framework/src/Illuminate/Routing/Controller.php(54): App\\Http\\Controllers\\EvolutionController->startSessionExternal()
#4 /home/ploi/evolution.tollgate.io/vendor/laravel/framework/src/Illuminate/Routing/ControllerDispatcher.php(45): Illuminate\\Routing\\Controller->callAction()
#5 /home/ploi/evolution.tollgate.io/vendor/laravel/framework/src/Illuminate/Routing/Route.php(262): Illuminate\\Routing\\ControllerDispatcher->dispatch()
#6 /home/ploi/evolution.tollgate.io/vendor/laravel/framework/src/Illuminate/Routing/Route.php(205): Illuminate\\Routing\\Route->runController()
#7 /home/ploi/evolution.tollgate.io/vendor/laravel/framework/src/Illuminate/Routing/Router.php(721): Illuminate\\Routing\\Route->run()
#8 /home/ploi/evolution.tollgate.io/vendor/laravel/framework/src/Illuminate/Pipeline/Pipeline.php(128): Illuminate\\Routing\\Router->Illuminate\\Routing\\{closure}()
#9 /home/ploi/evolution.tollgate.io/vendor/laravel/framework/src/Illuminate/Routing/Middleware/SubstituteBindings.php(50): Illuminate\\Pipeline\\Pipeline->Illuminate\\Pipeline\\{closure}()
#10 /home/ploi/evolution.tollgate.io/vendor/laravel/framework/src/Illuminate/Pipeline/Pipeline.php(167): Illuminate\\Routing\\Middleware\\SubstituteBindings->handle()
#11 /home/ploi/evolution.tollgate.io/vendor/laravel/framework/src/Illuminate/Session/Middleware/StartSession.php(121): Illuminate\\Pipeline\\Pipeline->Illuminate\\Pipeline\\{closure}()
#12 /home/ploi/evolution.tollgate.io/vendor/laravel/framework/src/Illuminate/Session/Middleware/StartSession.php(64): Illuminate\\Session\\Middleware\\StartSession->handleStatefulRequest()
#13 /home/ploi/evolution.tollgate.io/vendor/laravel/framework/src/Illuminate/Pipeline/Pipeline.php(167): Illuminate\\Session\\Middleware\\StartSession->handle()
#14 /home/ploi/evolution.tollgate.io/vendor/laravel/framework/src/Illuminate/Cookie/Middleware/AddQueuedCookiesToResponse.php(37): Illuminate\\Pipeline\\Pipeline->Illuminate\\Pipeline\\{closure}()
#15 /home/ploi/evolution.tollgate.io/vendor/laravel/framework/src/Illuminate/Pipeline/Pipeline.php(167): Illuminate\\Cookie\\Middleware\\AddQueuedCookiesToResponse->handle()
#16 /home/ploi/evolution.tollgate.io/vendor/laravel/framework/src/Illuminate/Pipeline/Pipeline.php(103): Illuminate\\Pipeline\\Pipeline->Illuminate\\Pipeline\\{closure}()
#17 /home/ploi/evolution.tollgate.io/vendor/laravel/framework/src/Illuminate/Routing/Router.php(723): Illuminate\\Pipeline\\Pipeline->then()
#18 /home/ploi/evolution.tollgate.io/vendor/laravel/framework/src/Illuminate/Routing/Router.php(698): Illuminate\\Routing\\Router->runRouteWithinStack()
#19 /home/ploi/evolution.tollgate.io/vendor/laravel/framework/src/Illuminate/Routing/Router.php(662): Illuminate\\Routing\\Router->runRoute()
#20 /home/ploi/evolution.tollgate.io/vendor/laravel/framework/src/Illuminate/Routing/Router.php(651): Illuminate\\Routing\\Router->dispatchToRoute()
#21 /home/ploi/evolution.tollgate.io/vendor/laravel/framework/src/Illuminate/Foundation/Http/Kernel.php(167): Illuminate\\Routing\\Router->dispatch()
#22 /home/ploi/evolution.tollgate.io/vendor/laravel/framework/src/Illuminate/Pipeline/Pipeline.php(128): Illuminate\\Foundation\\Http\\Kernel->Illuminate\\Foundation\\Http\\{closure}()
#23 /home/ploi/evolution.tollgate.io/vendor/laravel/framework/src/Illuminate/Foundation/Http/Middleware/TransformsRequest.php(21): Illuminate\\Pipeline\\Pipeline->Illuminate\\Pipeline\\{closure}()
#24 /home/ploi/evolution.tollgate.io/vendor/laravel/framework/src/Illuminate/Foundation/Http/Middleware/ConvertEmptyStringsToNull.php(31): Illuminate\\Foundation\\Http\\Middleware\\TransformsRequest->handle()
#25 /home/ploi/evolution.tollgate.io/vendor/laravel/framework/src/Illuminate/Pipeline/Pipeline.php(167): Illuminate\\Foundation\\Http\\Middleware\\ConvertEmptyStringsToNull->handle()
#26 /home/ploi/evolution.tollgate.io/vendor/laravel/framework/src/Illuminate/Foundation/Http/Middleware/TransformsRequest.php(21): Illuminate\\Pipeline\\Pipeline->Illuminate\\Pipeline\\{closure}()
#27 /home/ploi/evolution.tollgate.io/vendor/laravel/framework/src/Illuminate/Foundation/Http/Middleware/TrimStrings.php(40): Illuminate\\Foundation\\Http\\Middleware\\TransformsRequest->handle()
#28 /home/ploi/evolution.tollgate.io/vendor/laravel/framework/src/Illuminate/Pipeline/Pipeline.php(167): Illuminate\\Foundation\\Http\\Middleware\\TrimStrings->handle()
#29 /home/ploi/evolution.tollgate.io/vendor/laravel/framework/src/Illuminate/Foundation/Http/Middleware/ValidatePostSize.php(27): Illuminate\\Pipeline\\Pipeline->Illuminate\\Pipeline\\{closure}()
#30 /home/ploi/evolution.tollgate.io/vendor/laravel/framework/src/Illuminate/Pipeline/Pipeline.php(167): Illuminate\\Foundation\\Http\\Middleware\\ValidatePostSize->handle()
#31 /home/ploi/evolution.tollgate.io/vendor/laravel/framework/src/Illuminate/Foundation/Http/Middleware/PreventRequestsDuringMaintenance.php(86): Illuminate\\Pipeline\\Pipeline->Illuminate\\Pipeline\\{closure}()
#32 /home/ploi/evolution.tollgate.io/vendor/laravel/framework/src/Illuminate/Pipeline/Pipeline.php(167): Illuminate\\Foundation\\Http\\Middleware\\PreventRequestsDuringMaintenance->handle()
#33 /home/ploi/evolution.tollgate.io/vendor/fruitcake/laravel-cors/src/HandleCors.php(52): Illuminate\\Pipeline\\Pipeline->Illuminate\\Pipeline\\{closure}()
#34 /home/ploi/evolution.tollgate.io/vendor/laravel/framework/src/Illuminate/Pipeline/Pipeline.php(167): Fruitcake\\Cors\\HandleCors->handle()
#35 /home/ploi/evolution.tollgate.io/vendor/laravel/framework/src/Illuminate/Http/Middleware/TrustProxies.php(39): Illuminate\\Pipeline\\Pipeline->Illuminate\\Pipeline\\{closure}()
#36 /home/ploi/evolution.tollgate.io/vendor/laravel/framework/src/Illuminate/Pipeline/Pipeline.php(167): Illuminate\\Http\\Middleware\\TrustProxies->handle()
#37 /home/ploi/evolution.tollgate.io/vendor/laravel/framework/src/Illuminate/Pipeline/Pipeline.php(103): Illuminate\\Pipeline\\Pipeline->Illuminate\\Pipeline\\{closure}()
#38 /home/ploi/evolution.tollgate.io/vendor/laravel/framework/src/Illuminate/Foundation/Http/Kernel.php(142): Illuminate\\Pipeline\\Pipeline->then()
#39 /home/ploi/evolution.tollgate.io/vendor/laravel/framework/src/Illuminate/Foundation/Http/Kernel.php(111): Illuminate\\Foundation\\Http\\Kernel->sendRequestThroughRouter()
#40 /home/ploi/evolution.tollgate.io/public/index.php(52): Illuminate\\Foundation\\Http\\Kernel->handle()
#41 {main}
"} 
[2022-04-22 21:09:35] local.NOTICE: USD:0dda2x2f-e320-4411-88ce-13bede075dab-219  
[2022-04-22 21:09:35] local.NOTICE: 219!21412-usd  
[2022-04-22 21:09:35] local.INFO: https://api.dk.games/v2:709:1fCdsFe/createGame?apikey=USD:0dda2x2f-e320-4411-88ce-13bede075dab-219&userid=219!21412-usd&game=es_es-baccarat-lobby&mode=real&nick=Name  
[2022-04-22 21:09:35] local.INFO: {"message":"Trying to access array offset on value of type null","statusCode":500}  
[2022-04-22 21:09:35] local.ERROR: Undefined array key "url" {"exception":"[object] (ErrorException(code: 0): Undefined array key \"url\" at /home/ploi/evolution.tollgate.io/vendor/laravel/framework/src/Illuminate/Http/Client/Response.php:349)
[stacktrace]
#0 /home/ploi/evolution.tollgate.io/vendor/laravel/framework/src/Illuminate/Http/Client/Response.php(349): Illuminate\\Foundation\\Bootstrap\\HandleExceptions->handleError()
#1 /home/ploi/evolution.tollgate.io/app/Http/Controllers/EvolutionController.php(61): Illuminate\\Http\\Client\\Response->offsetGet()
#2 /home/ploi/evolution.tollgate.io/app/Http/Controllers/EvolutionController.php(208): App\\Http\\Controllers\\EvolutionController::genApiExternal()
#3 /home/ploi/evolution.tollgate.io/vendor/laravel/framework/src/Illuminate/Routing/Controller.php(54): App\\Http\\Controllers\\EvolutionController->startSessionExternal()
#4 /home/ploi/evolution.tollgate.io/vendor/laravel/framework/src/Illuminate/Routing/ControllerDispatcher.php(45): Illuminate\\Routing\\Controller->callAction()
#5 /home/ploi/evolution.tollgate.io/vendor/laravel/framework/src/Illuminate/Routing/Route.php(262): Illuminate\\Routing\\ControllerDispatcher->dispatch()
#6 /home/ploi/evolution.tollgate.io/vendor/laravel/framework/src/Illuminate/Routing/Route.php(205): Illuminate\\Routing\\Route->runController()
#7 /home/ploi/evolution.tollgate.io/vendor/laravel/framework/src/Illuminate/Routing/Router.php(721): Illuminate\\Routing\\Route->run()
#8 /home/ploi/evolution.tollgate.io/vendor/laravel/framework/src/Illuminate/Pipeline/Pipeline.php(128): Illuminate\\Routing\\Router->Illuminate\\Routing\\{closure}()
#9 /home/ploi/evolution.tollgate.io/vendor/laravel/framework/src/Illuminate/Routing/Middleware/SubstituteBindings.php(50): Illuminate\\Pipeline\\Pipeline->Illuminate\\Pipeline\\{closure}()
#10 /home/ploi/evolution.tollgate.io/vendor/laravel/framework/src/Illuminate/Pipeline/Pipeline.php(167): Illuminate\\Routing\\Middleware\\SubstituteBindings->handle()
#11 /home/ploi/evolution.tollgate.io/vendor/laravel/framework/src/Illuminate/Session/Middleware/StartSession.php(121): Illuminate\\Pipeline\\Pipeline->Illuminate\\Pipeline\\{closure}()
#12 /home/ploi/evolution.tollgate.io/vendor/laravel/framework/src/Illuminate/Session/Middleware/StartSession.php(64): Illuminate\\Session\\Middleware\\StartSession->handleStatefulRequest()
#13 /home/ploi/evolution.tollgate.io/vendor/laravel/framework/src/Illuminate/Pipeline/Pipeline.php(167): Illuminate\\Session\\Middleware\\StartSession->handle()
#14 /home/ploi/evolution.tollgate.io/vendor/laravel/framework/src/Illuminate/Cookie/Middleware/AddQueuedCookiesToResponse.php(37): Illuminate\\Pipeline\\Pipeline->Illuminate\\Pipeline\\{closure}()
#15 /home/ploi/evolution.tollgate.io/vendor/laravel/framework/src/Illuminate/Pipeline/Pipeline.php(167): Illuminate\\Cookie\\Middleware\\AddQueuedCookiesToResponse->handle()
#16 /home/ploi/evolution.tollgate.io/vendor/laravel/framework/src/Illuminate/Pipeline/Pipeline.php(103): Illuminate\\Pipeline\\Pipeline->Illuminate\\Pipeline\\{closure}()
#17 /home/ploi/evolution.tollgate.io/vendor/laravel/framework/src/Illuminate/Routing/Router.php(723): Illuminate\\Pipeline\\Pipeline->then()
#18 /home/ploi/evolution.tollgate.io/vendor/laravel/framework/src/Illuminate/Routing/Router.php(698): Illuminate\\Routing\\Router->runRouteWithinStack()
#19 /home/ploi/evolution.tollgate.io/vendor/laravel/framework/src/Illuminate/Routing/Router.php(662): Illuminate\\Routing\\Router->runRoute()
#20 /home/ploi/evolution.tollgate.io/vendor/laravel/framework/src/Illuminate/Routing/Router.php(651): Illuminate\\Routing\\Router->dispatchToRoute()
#21 /home/ploi/evolution.tollgate.io/vendor/laravel/framework/src/Illuminate/Foundation/Http/Kernel.php(167): Illuminate\\Routing\\Router->dispatch()
#22 /home/ploi/evolution.tollgate.io/vendor/laravel/framework/src/Illuminate/Pipeline/Pipeline.php(128): Illuminate\\Foundation\\Http\\Kernel->Illuminate\\Foundation\\Http\\{closure}()
#23 /home/ploi/evolution.tollgate.io/vendor/laravel/framework/src/Illuminate/Foundation/Http/Middleware/TransformsRequest.php(21): Illuminate\\Pipeline\\Pipeline->Illuminate\\Pipeline\\{closure}()
#24 /home/ploi/evolution.tollgate.io/vendor/laravel/framework/src/Illuminate/Foundation/Http/Middleware/ConvertEmptyStringsToNull.php(31): Illuminate\\Foundation\\Http\\Middleware\\TransformsRequest->handle()
#25 /home/ploi/evolution.tollgate.io/vendor/laravel/framework/src/Illuminate/Pipeline/Pipeline.php(167): Illuminate\\Foundation\\Http\\Middleware\\ConvertEmptyStringsToNull->handle()
#26 /home/ploi/evolution.tollgate.io/vendor/laravel/framework/src/Illuminate/Foundation/Http/Middleware/TransformsRequest.php(21): Illuminate\\Pipeline\\Pipeline->Illuminate\\Pipeline\\{closure}()
#27 /home/ploi/evolution.tollgate.io/vendor/laravel/framework/src/Illuminate/Foundation/Http/Middleware/TrimStrings.php(40): Illuminate\\Foundation\\Http\\Middleware\\TransformsRequest->handle()
#28 /home/ploi/evolution.tollgate.io/vendor/laravel/framework/src/Illuminate/Pipeline/Pipeline.php(167): Illuminate\\Foundation\\Http\\Middleware\\TrimStrings->handle()
#29 /home/ploi/evolution.tollgate.io/vendor/laravel/framework/src/Illuminate/Foundation/Http/Middleware/ValidatePostSize.php(27): Illuminate\\Pipeline\\Pipeline->Illuminate\\Pipeline\\{closure}()
#30 /home/ploi/evolution.tollgate.io/vendor/laravel/framework/src/Illuminate/Pipeline/Pipeline.php(167): Illuminate\\Foundation\\Http\\Middleware\\ValidatePostSize->handle()
#31 /home/ploi/evolution.tollgate.io/vendor/laravel/framework/src/Illuminate/Foundation/Http/Middleware/PreventRequestsDuringMaintenance.php(86): Illuminate\\Pipeline\\Pipeline->Illuminate\\Pipeline\\{closure}()
#32 /home/ploi/evolution.tollgate.io/vendor/laravel/framework/src/Illuminate/Pipeline/Pipeline.php(167): Illuminate\\Foundation\\Http\\Middleware\\PreventRequestsDuringMaintenance->handle()
#33 /home/ploi/evolution.tollgate.io/vendor/fruitcake/laravel-cors/src/HandleCors.php(52): Illuminate\\Pipeline\\Pipeline->Illuminate\\Pipeline\\{closure}()
#34 /home/ploi/evolution.tollgate.io/vendor/laravel/framework/src/Illuminate/Pipeline/Pipeline.php(167): Fruitcake\\Cors\\HandleCors->handle()
#35 /home/ploi/evolution.tollgate.io/vendor/laravel/framework/src/Illuminate/Http/Middleware/TrustProxies.php(39): Illuminate\\Pipeline\\Pipeline->Illuminate\\Pipeline\\{closure}()
#36 /home/ploi/evolution.tollgate.io/vendor/laravel/framework/src/Illuminate/Pipeline/Pipeline.php(167): Illuminate\\Http\\Middleware\\TrustProxies->handle()
#37 /home/ploi/evolution.tollgate.io/vendor/laravel/framework/src/Illuminate/Pipeline/Pipeline.php(103): Illuminate\\Pipeline\\Pipeline->Illuminate\\Pipeline\\{closure}()
#38 /home/ploi/evolution.tollgate.io/vendor/laravel/framework/src/Illuminate/Foundation/Http/Kernel.php(142): Illuminate\\Pipeline\\Pipeline->then()
#39 /home/ploi/evolution.tollgate.io/vendor/laravel/framework/src/Illuminate/Foundation/Http/Kernel.php(111): Illuminate\\Foundation\\Http\\Kernel->sendRequestThroughRouter()
#40 /home/ploi/evolution.tollgate.io/public/index.php(52): Illuminate\\Foundation\\Http\\Kernel->handle()
#41 {main}
"} 
[2022-04-22 21:19:13] local.NOTICE: USD:0dda2x2f-e320-4411-88ce-13bede075dab-219  
[2022-04-22 21:19:13] local.NOTICE: 219!21412-usd  
[2022-04-22 21:19:14] local.INFO: https://api.dk.games/v2:709:1fCdsFe/createGame?apikey=USD:0dda2x2f-e320-4411-88ce-13bede075dab-219&userid=219!21412-usd&game=es_es-baccarat-lobby&mode=real&nick=Name  
[2022-04-22 21:19:14] local.INFO: {"status":"ok","url":"https:\/\/evolution.game-program.com\/entry?params=QVVUSF9UT0tFTj1xYmpzamxmdjI1aGQyZ21rcWJqc2psZ2MyNWhkMmdtbjI1ODA2YWQ4CmNhdGVnb3J5PWJhY2NhcmF0CmdhbWVJbnRlcmZhY2U9dmlldzEKc2l0ZT0y&JSESSIONID=qbjsjlfv25hd2gmkqbjsjlgc25hd2gmn25806ad8&embedded"}  
[2022-04-22 21:19:38] local.NOTICE: USD:0dda2x2f-e320-4411-88ce-13bede075dab-219  
[2022-04-22 21:19:38] local.NOTICE: 219!21412-usd  
[2022-04-22 21:19:38] local.INFO: https://api.dk.games/v2:709:1fCdsFe/createGame?apikey=USD:0dda2x2f-e320-4411-88ce-13bede075dab-219&userid=219!21412-usd&game=es_es-baccarat-lobby&mode=real&nick=Name  
[2022-04-22 21:19:38] local.INFO: {"status":"ok","url":"https:\/\/evolution.game-program.com\/entry?params=QVVUSF9UT0tFTj1xYmpzamxmdjI1aGQyZ21rcWJqc2tkZDVxdjZ0M2trMzIxODUzOWUzCmNhdGVnb3J5PWJhY2NhcmF0CmdhbWVJbnRlcmZhY2U9dmlldzEKc2l0ZT0y&JSESSIONID=qbjsjlfv25hd2gmkqbjskdd5qv6t3kk3218539e3&embedded"}  
[2022-04-22 21:20:01] local.NOTICE: USD:0dda2x2f-e320-4411-88ce-13bede075dab-219  
[2022-04-22 21:20:01] local.NOTICE: 219!21412-usd  
[2022-04-22 21:20:03] local.INFO: https://api.dk.games/v2:709:1fCdsFe/createGame?apikey=USD:0dda2x2f-e320-4411-88ce-13bede075dab-219&userid=219!21412-usd&game=es_es-baccarat-lobby&mode=real&nick=Name  
[2022-04-22 21:20:03] local.INFO: {"status":"ok","url":"https:\/\/evolution.game-program.com\/entry?params=QVVUSF9UT0tFTj1xYmpzamxmdjI1aGQyZ21rcWJqc2syemtxdjZ0M21rcGNmODQ0OGZmCmNhdGVnb3J5PWJhY2NhcmF0CmdhbWVJbnRlcmZhY2U9dmlldzEKc2l0ZT0y&JSESSIONID=qbjsjlfv25hd2gmkqbjsk2zkqv6t3mkpcf8448ff&embedded"}  
[2022-04-22 21:20:30] local.NOTICE: USD:0dda2x2f-e320-4411-88ce-13bede075dab-219  
[2022-04-22 21:20:30] local.NOTICE: 219!21412-usd  
[2022-04-22 21:20:30] local.INFO: https://api.dk.games/v2:709:1fCdsFe/createGame?apikey=USD:0dda2x2f-e320-4411-88ce-13bede075dab-219&userid=219!21412-usd&game=es_es-baccarat-lobby&mode=real&nick=Name  
[2022-04-22 21:20:30] local.INFO: {"status":"ok","url":"https:\/\/evolution.game-program.com\/entry?params=QVVUSF9UT0tFTj1xYmpzamxmdjI1aGQyZ21rcWJqc2x2NzJ6eXRkMmczemI0NDU5ZjkxCmNhdGVnb3J5PWJhY2NhcmF0CmdhbWVJbnRlcmZhY2U9dmlldzEKc2l0ZT0y&JSESSIONID=qbjsjlfv25hd2gmkqbjslv72zytd2g3zb4459f91&embedded"}  
[2022-04-22 21:20:40] local.NOTICE: USD:0dda2x2f-e320-4411-88ce-13bede075dab-219  
[2022-04-22 21:20:40] local.NOTICE: 219!1111-usd  
[2022-04-22 21:20:41] local.INFO: https://api.dk.games/v2:709:1fCdsFe/createGame?apikey=USD:0dda2x2f-e320-4411-88ce-13bede075dab-219&userid=219!1111-usd&game=es_es-baccarat-lobby&mode=real&nick=Name  
[2022-04-22 21:20:41] local.INFO: {"status":"ok","url":"https:\/\/evolution.game-program.com\/entry?params=QVVUSF9UT0tFTj1xYmpzbWFodDI1aGQybnB6cWJqc21haDYyNWhkMm5wNDM3ZDdjOGFkCmNhdGVnb3J5PWJhY2NhcmF0CmdhbWVJbnRlcmZhY2U9dmlldzEKc2l0ZT0y&JSESSIONID=qbjsmaht25hd2npzqbjsmah625hd2np437d7c8ad&embedded"}  
[2022-04-22 21:27:51] local.NOTICE: USD:0dda2x2f-e320-4411-88ce-13bede075dab-219  
[2022-04-22 21:27:51] local.NOTICE: 219!5125-usd  
[2022-04-22 21:27:52] local.INFO: https://api.dk.games/v2:709:1fCdsFe/createGame?apikey=USD:0dda2x2f-e320-4411-88ce-13bede075dab-219&userid=219!5125-usd&game=es_es-baccarat-lobby&mode=real&nick=Name  
[2022-04-22 21:27:52] local.INFO: {"status":"ok","url":"https:\/\/evolution.game-program.com\/entry?params=QVVUSF9UT0tFTj1xYmpzemU0a3F2NnQ0cjd5cWJqc3plNHVxdjZ0NHI3MjgzZDJjZGYzCmNhdGVnb3J5PWJhY2NhcmF0CmdhbWVJbnRlcmZhY2U9dmlldzEKc2l0ZT0y&JSESSIONID=qbjsze4kqv6t4r7yqbjsze4uqv6t4r7283d2cdf3&embedded"}  
[2022-04-22 21:27:59] local.NOTICE: USD:0dda2x2f-e320-4411-88ce-13bede075dab-219  
[2022-04-22 21:27:59] local.NOTICE: 219!5125-usd  
